<?xml version="1.0" encoding="UTF-8"?>
<!-- Generated by org.testng.reporters.JUnitReportReporter -->
<testsuite hostname="DESKTOP-IBPU7GU" failures="0" tests="1" name="growWebFramework_pom_testng.groww_testTC1" time="10.249" errors="0" timestamp="2022-07-15T00:52:33 IST" skipped="0">
  <testcase classname="growWebFramework_pom_testng.groww_testTC1" name="SearchBox" time="10.249"/>
  <system-out>
    <![CDATA[running verify User ID TC2]]>
  </system-out>
</testsuite> <!-- growWebFramework_pom_testng.groww_testTC1 -->
